<?xml version="1.0" encoding="UTF-8"?>
<!-- Generated by org.testng.reporters.JUnitXMLReporter -->
<testsuite ignored="3" hostname="DESKTOP-1AEN983" failures="0" tests="7" name="TestProj" time="4.186" errors="0" timestamp="2021-07-25T10:05:22 PDT">
  <testcase classname="buffalocart.LoginVerify" name="@BeforeTest beforeTest" time="4.039">
    <failure type="org.openqa.selenium.NoSuchWindowException" message="no such window: target window already closed
from unknown error: web view not found
  (Session info: chrome=92.0.4515.107)
Build info: version: &amp;apos;3.141.59&amp;apos;, revision: &amp;apos;e82be7d358&amp;apos;, time: &amp;apos;2018-11-14T08:17:03&amp;apos;
System info: host: &amp;apos;DESKTOP-1AEN983&amp;apos;, ip: &amp;apos;192.168.1.14&amp;apos;, os.name: &amp;apos;Windows 10&amp;apos;, os.arch: &amp;apos;amd64&amp;apos;, os.version: &amp;apos;10.0&amp;apos;, java.version: &amp;apos;16.0.1&amp;apos;
Driver info: org.openqa.selenium.chrome.ChromeDriver
Capabilities {acceptInsecureCerts: false, browserName: chrome, browserVersion: 92.0.4515.107, chrome: {chromedriverVersion: 91.0.4472.19 (1bf021f248676..., userDataDir: C:\Users\resmi\AppData\Loca...}, goog:chromeOptions: {debuggerAddress: localhost:62002}, javascriptEnabled: true, networkConnectionEnabled: false, pageLoadStrategy: normal, platform: WINDOWS, platformName: WINDOWS, proxy: Proxy(), setWindowRect: true, strictFileInteractability: false, timeouts: {implicit: 0, pageLoad: 300000, script: 30000}, unhandledPromptBehavior: dismiss and notify, webauthn:extension:largeBlob: true, webauthn:virtualAuthenticators: true}
Session ID: e7931d938636eb6a1c03a9eac83ef27a">
      <![CDATA[org.openqa.selenium.NoSuchWindowException: no such window: target window already closed
from unknown error: web view not found
  (Session info: chrome=92.0.4515.107)
Build info: version: '3.141.59', revision: 'e82be7d358', time: '2018-11-14T08:17:03'
System info: host: 'DESKTOP-1AEN983', ip: '192.168.1.14', os.name: 'Windows 10', os.arch: 'amd64', os.version: '10.0', java.version: '16.0.1'
Driver info: org.openqa.selenium.chrome.ChromeDriver
Capabilities {acceptInsecureCerts: false, browserName: chrome, browserVersion: 92.0.4515.107, chrome: {chromedriverVersion: 91.0.4472.19 (1bf021f248676..., userDataDir: C:\Users\resmi\AppData\Loca...}, goog:chromeOptions: {debuggerAddress: localhost:62002}, javascriptEnabled: true, networkConnectionEnabled: false, pageLoadStrategy: normal, platform: WINDOWS, platformName: WINDOWS, proxy: Proxy(), setWindowRect: true, strictFileInteractability: false, timeouts: {implicit: 0, pageLoad: 300000, script: 30000}, unhandledPromptBehavior: dismiss and notify, webauthn:extension:largeBlob: true, webauthn:virtualAuthenticators: true}
Session ID: e7931d938636eb6a1c03a9eac83ef27a
at org.openqa.selenium.remote.http.W3CHttpResponseCodec.createException(W3CHttpResponseCodec.java:187)
at org.openqa.selenium.remote.http.W3CHttpResponseCodec.decode(W3CHttpResponseCodec.java:122)
at org.openqa.selenium.remote.http.W3CHttpResponseCodec.decode(W3CHttpResponseCodec.java:49)
at org.openqa.selenium.remote.HttpCommandExecutor.execute(HttpCommandExecutor.java:158)
at org.openqa.selenium.remote.service.DriverCommandExecutor.execute(DriverCommandExecutor.java:83)
at org.openqa.selenium.remote.RemoteWebDriver.execute(RemoteWebDriver.java:552)
at org.openqa.selenium.remote.RemoteWebDriver.execute(RemoteWebDriver.java:609)
at org.openqa.selenium.remote.RemoteWebDriver$RemoteWebDriverOptions$RemoteWindow.maximize(RemoteWebDriver.java:837)
at utility.Webdrivermanager.launchbrowser(Webdrivermanager.java:37)
at buffalocart.LoginVerify.beforeTest(LoginVerify.java:123)
... Removed 29 stack frames]]>
    </failure>
  </testcase> <!-- @BeforeTest beforeTest -->
  <testcase classname="buffalocart.ProjectVerify" name="@BeforeTest beforeTest" time="-1.62723272263E9">
    <skipped/>
  </testcase> <!-- @BeforeTest beforeTest -->
  <testcase classname="buffalocart.LoginVerify" name="@AfterMethod afterMethod" time="-1.627232722685E9">
    <skipped/>
  </testcase> <!-- @AfterMethod afterMethod -->
  <testcase classname="buffalocart.LoginVerify" name="@AfterMethod afterMethod" time="-1.6272327227E9">
    <skipped/>
  </testcase> <!-- @AfterMethod afterMethod -->
  <testcase classname="buffalocart.LoginVerify" name="@AfterMethod afterMethod" time="-1.627232722709E9">
    <skipped/>
  </testcase> <!-- @AfterMethod afterMethod -->
  <testcase classname="buffalocart.ProjectVerify" name="@BeforeMethod beforeMethod" time="-1.627232722712E9">
    <skipped/>
  </testcase> <!-- @BeforeMethod beforeMethod -->
  <testcase classname="buffalocart.ProjectVerify" name="@AfterMethod afterMethod" time="-1.627232722721E9">
    <skipped/>
  </testcase> <!-- @AfterMethod afterMethod -->
  <testcase classname="buffalocart.ProjectVerify" name="@BeforeMethod beforeMethod" time="-1.627232722723E9">
    <skipped/>
  </testcase> <!-- @BeforeMethod beforeMethod -->
  <testcase classname="buffalocart.ProjectVerify" name="@AfterMethod afterMethod" time="-1.62723272273E9">
    <skipped/>
  </testcase> <!-- @AfterMethod afterMethod -->
  <testcase classname="buffalocart.ProjectVerify" name="@BeforeMethod beforeMethod" time="-1.627232722732E9">
    <skipped/>
  </testcase> <!-- @BeforeMethod beforeMethod -->
  <testcase classname="buffalocart.ProjectVerify" name="@AfterMethod afterMethod" time="-1.62723272274E9">
    <skipped/>
  </testcase> <!-- @AfterMethod afterMethod -->
  <testcase classname="buffalocart.ProjectVerify" name="@BeforeMethod beforeMethod" time="-1.627232722742E9">
    <skipped/>
  </testcase> <!-- @BeforeMethod beforeMethod -->
  <testcase classname="buffalocart.ProjectVerify" name="@AfterMethod afterMethod" time="-1.627232722748E9">
    <skipped/>
  </testcase> <!-- @AfterMethod afterMethod -->
  <testcase classname="buffalocart.LoginVerify" name="@AfterTest afterTest" time="-1.62723272275E9">
    <skipped/>
  </testcase> <!-- @AfterTest afterTest -->
  <testcase classname="buffalocart.ProjectVerify" name="@AfterTest afterTest" time="-1.627232722752E9">
    <skipped/>
  </testcase> <!-- @AfterTest afterTest -->
  <testcase classname="buffalocart.LoginVerify" name="VerifyUrl" time="0.0">
    <skipped/>
  </testcase> <!-- VerifyUrl -->
  <testcase classname="buffalocart.LoginVerify" name="TitleVerify" time="0.0">
    <skipped/>
  </testcase> <!-- TitleVerify -->
  <testcase classname="buffalocart.LoginVerify" name="LoginInValidUserNameVerify" time="0.0">
    <skipped/>
  </testcase> <!-- LoginInValidUserNameVerify -->
  <testcase classname="buffalocart.ProjectVerify" name="verifyProjecttest" time="0.0">
    <skipped/>
  </testcase> <!-- verifyProjecttest -->
  <testcase classname="buffalocart.ProjectVerify" name="verifyProjecttest2" time="0.0">
    <skipped/>
  </testcase> <!-- verifyProjecttest2 -->
  <testcase classname="buffalocart.ProjectVerify" name="verifyProjecttest3" time="0.0">
    <skipped/>
  </testcase> <!-- verifyProjecttest3 -->
  <testcase classname="buffalocart.ProjectVerify" name="verifyProjecttest4" time="0.0">
    <skipped/>
  </testcase> <!-- verifyProjecttest4 -->
  <testcase classname="buffalocart.LoginVerify" name="LoginVerification" time="0.0">
    <ignored/>
  </testcase> <!-- LoginVerification -->
  <testcase classname="buffalocart.ProjectVerify" name="verifyProject" time="0.0">
    <ignored/>
  </testcase> <!-- verifyProject -->
  <testcase classname="buffalocart.LoginVerify" name="LoginValidUserNameVerify" time="0.0">
    <ignored/>
  </testcase> <!-- LoginValidUserNameVerify -->
</testsuite> <!-- TestProj -->
